<?xml version="1.0" encoding="UTF-8"?>
<testng-results ignored="0" total="1" passed="1" failed="0" skipped="0">
  <reporter-output>
  </reporter-output>
  <suite started-at="2020-05-15T17:44:20 EEST" name="Default suite" finished-at="2020-05-15T17:44:57 EEST" duration-ms="36694">
    <groups>
    </groups>
    <test started-at="2020-05-15T17:44:20 EEST" name="Default test" finished-at="2020-05-15T17:44:57 EEST" duration-ms="36694">
      <class name="IMDb.TopRatedMovies">
        <test-method signature="TopRatedMoviesStartSaving()[pri:0, instance:IMDb.TopRatedMovies@b62fe6d]" started-at="2020-05-15T17:44:20 EEST" name="TopRatedMoviesStartSaving" finished-at="2020-05-15T17:44:57 EEST" duration-ms="36655" status="PASS">
          <reporter-output>
          </reporter-output>
        </test-method> <!-- TopRatedMoviesStartSaving -->
      </class> <!-- IMDb.TopRatedMovies -->
    </test> <!-- Default test -->
  </suite> <!-- Default suite -->
</testng-results>
